<?xml version='1.0' encoding='utf-8'?>
<widget android-packageName="io.cordova.hellocordova.android" id="io.cordova.hellocordova" ios-CFBundleIdentifier="io.cordova.hellocordova.ios" version="0.0.1" xmlns="http://www.w3.org/ns/widgets" xmlns:cdv="http://cordova.apache.org/ns/1.0">
    <name>Hello Cordova</name>
    <description>
        A sample Apache Cordova application that responds to the deviceready event.
    </description>
    <author email="dev@cordova.apache.org" href="http://cordova.io">
        Apache Cordova Team
    </author>
    <content src="index.html" />
    <access origin="*" />
    <platform name="android">
        <edit-config file="AndroidManifest.xml" target="/manifest/uses-sdk" mode="merge">
            <uses-sdk android:targetSdkVersion="23" />
        </edit-config>
    </platform>
</widget>
