<?xml version="1.0" encoding="UTF-8"?>
<widget xmlns     = "http://www.w3.org/ns/widgets"
        xmlns:cdv = "http://cordova.apache.org/ns/1.0"
        id        = "io.cordova.hellocordova"
        version   = "0.0.1">
    <name>Hello Cordova</name>

    <description>
        A sample Apache Cordova application that responds to the deviceready event.
    </description>

    <author href="http://cordova.io" email="dev@cordova.apache.org">
        Apache Cordova Team
    </author>

    <content src="index.html" />

    <access origin="*" />
    <preference name="fullscreen" value="true" />
    <preference name="webviewbounce" value="true" />
    <icon id="icon" src="icon.png" />
    <icon id="logo" src="logo.png" width="255" height="255" />
    <platform name="android">
        <icon src="logo-android.png" width="255" height="255" density="mdpi" />
    </platform>

    <!-- Features -->
    <feature name="A feature with preference">
        <param name="id" value="org.apache.cordova.featurewithvars"/>
        <variable name="var" value="varvalue"/>
    </feature>
    <feature name="A feature with url">
        <param name="id" value="org.apache.cordova.featurewithurl" />
        <param name="url" value="http://cordova.apache.org/featurewithurl" />
    </feature>
    <feature name="A feature with version">
        <param name="id" value="org.apache.cordova.featurewithversion" />
        <param name="version" value="1.1.1" />
    </feature>
    <feature name="A feature with url and version">
        <param name="id" value="org.apache.cordova.featurewithurlandversion" />
        <param name="version" value="1.1.1" />
        <param name="url" value="http://cordova.apache.org/featurewithurlandversion" />
    </feature>
    <feature name="A simple feature">
        <param name="id" value="org.apache.cordova.justafeature" />
    </feature>
</widget>